<?xml version="1.0" encoding="UTF-8"?>
<!-- Generated by org.testng.reporters.JUnitReportReporter -->
<testsuite hostname="DESKTOP-K8G3O1C" failures="0" tests="3" name="androidFrameworkDesign.eCommerce_tc_01" time="97.369" errors="1" timestamp="2023-02-09T18:10:42 IST" skipped="2">
  <testcase classname="androidFrameworkDesign.eCommerce_tc_01" name="FillForm_ErrorValidationTest" time="0.000">
    <skipped/>
  </testcase> <!-- FillForm_ErrorValidationTest -->
  <system-out/>
  <testcase classname="androidFrameworkDesign.eCommerce_tc_01" name="ConfigureAppium" time="97.369">
    <error message="Could not start a new session. Response code 500. Message: An unknown server-side error occurred while processing the command. Original error: Appium Settings app is not running after 30000ms 
Host info: host: &#039;DESKTOP-K8G3O1C&#039;, ip: &#039;192.168.0.106&#039;
Build info: version: &#039;4.7.2&#039;, revision: &#039;4d4020c3b7&#039;
System info: os.name: &#039;Windows 10&#039;, os.arch: &#039;amd64&#039;, os.version: &#039;10.0&#039;, java.version: &#039;11.0.17&#039;
Driver info: io.appium.java_client.android.AndroidDriver
Command: [null, newSession {capabilities=[{appium:chromedriverExecutable=C://Users//Khadhar//Downloads//chromedriver_win32 95V, appium:deviceName=OnePlus ONEPLUS A5000, platformName=ANDROID, appium:automationName=UIAutomator2, appium:app=C:\Users\Khadhar\eclipse-workspace\AppiumFrameworkDesign//src//main//java//resources//General-Store.apk}], desiredCapabilities=Capabilities {appium:app: C:\Users\Khadhar\eclipse-wo..., appium:automationName: UIAutomator2, appium:chromedriverExecutable: C://Users//Khadhar//Downloa..., appium:deviceName: OnePlus ONEPLUS A5000, platformName: ANDROID}}]
Capabilities {}" type="org.openqa.selenium.SessionNotCreatedException">
      <![CDATA[org.openqa.selenium.SessionNotCreatedException: Could not start a new session. Response code 500. Message: An unknown server-side error occurred while processing the command. Original error: Appium Settings app is not running after 30000ms 
Host info: host: 'DESKTOP-K8G3O1C', ip: '192.168.0.106'
Build info: version: '4.7.2', revision: '4d4020c3b7'
System info: os.name: 'Windows 10', os.arch: 'amd64', os.version: '10.0', java.version: '11.0.17'
Driver info: io.appium.java_client.android.AndroidDriver
Command: [null, newSession {capabilities=[{appium:chromedriverExecutable=C://Users//Khadhar//Downloads//chromedriver_win32 95V, appium:deviceName=OnePlus ONEPLUS A5000, platformName=ANDROID, appium:automationName=UIAutomator2, appium:app=C:\Users\Khadhar\eclipse-workspace\AppiumFrameworkDesign//src//main//java//resources//General-Store.apk}], desiredCapabilities=Capabilities {appium:app: C:\Users\Khadhar\eclipse-wo..., appium:automationName: UIAutomator2, appium:chromedriverExecutable: C://Users//Khadhar//Downloa..., appium:deviceName: OnePlus ONEPLUS A5000, platformName: ANDROID}}]
Capabilities {}
at org.openqa.selenium.remote.ProtocolHandshake.createSession(ProtocolHandshake.java:148)
at java.base/jdk.internal.reflect.NativeMethodAccessorImpl.invoke0(Native Method)
at java.base/jdk.internal.reflect.NativeMethodAccessorImpl.invoke(NativeMethodAccessorImpl.java:62)
at java.base/jdk.internal.reflect.DelegatingMethodAccessorImpl.invoke(DelegatingMethodAccessorImpl.java:43)
at java.base/java.lang.reflect.Method.invoke(Method.java:566)
at io.appium.java_client.remote.AppiumProtocolHandshake.createSession(AppiumProtocolHandshake.java:133)
at io.appium.java_client.remote.AppiumProtocolHandshake.createSession(AppiumProtocolHandshake.java:102)
at io.appium.java_client.remote.AppiumCommandExecutor.createSession(AppiumCommandExecutor.java:194)
at io.appium.java_client.remote.AppiumCommandExecutor.execute(AppiumCommandExecutor.java:262)
at org.openqa.selenium.remote.RemoteWebDriver.execute(RemoteWebDriver.java:535)
at io.appium.java_client.AppiumDriver.startSession(AppiumDriver.java:229)
at org.openqa.selenium.remote.RemoteWebDriver.<init>(RemoteWebDriver.java:156)
at io.appium.java_client.AppiumDriver.<init>(AppiumDriver.java:80)
at io.appium.java_client.AppiumDriver.<init>(AppiumDriver.java:92)
at io.appium.java_client.android.AndroidDriver.<init>(AndroidDriver.java:117)
at androidFrameworkDesign.TestUtils.AndroidBaseTest.ConfigureAppium(AndroidBaseTest.java:46)
at java.base/jdk.internal.reflect.NativeMethodAccessorImpl.invoke0(Native Method)
at java.base/jdk.internal.reflect.NativeMethodAccessorImpl.invoke(NativeMethodAccessorImpl.java:62)
at java.base/jdk.internal.reflect.DelegatingMethodAccessorImpl.invoke(DelegatingMethodAccessorImpl.java:43)
at java.base/java.lang.reflect.Method.invoke(Method.java:566)
at org.testng.internal.invokers.MethodInvocationHelper.invokeMethod(MethodInvocationHelper.java:139)
at org.testng.internal.invokers.MethodInvocationHelper.invokeMethodConsideringTimeout(MethodInvocationHelper.java:69)
at org.testng.internal.invokers.ConfigInvoker.invokeConfigurationMethod(ConfigInvoker.java:361)
at org.testng.internal.invokers.ConfigInvoker.invokeConfigurations(ConfigInvoker.java:296)
at org.testng.internal.invokers.TestMethodWorker.invokeBeforeClassMethods(TestMethodWorker.java:180)
at org.testng.internal.invokers.TestMethodWorker.run(TestMethodWorker.java:122)
at java.base/java.util.ArrayList.forEach(ArrayList.java:1541)
at org.testng.TestRunner.privateRun(TestRunner.java:829)
at org.testng.TestRunner.run(TestRunner.java:602)
at org.testng.SuiteRunner.runTest(SuiteRunner.java:437)
at org.testng.SuiteRunner.runSequentially(SuiteRunner.java:431)
at org.testng.SuiteRunner.privateRun(SuiteRunner.java:391)
at org.testng.SuiteRunner.run(SuiteRunner.java:330)
at org.testng.SuiteRunnerWorker.runSuite(SuiteRunnerWorker.java:52)
at org.testng.SuiteRunnerWorker.run(SuiteRunnerWorker.java:95)
at org.testng.TestNG.runSuitesSequentially(TestNG.java:1256)
at org.testng.TestNG.runSuitesLocally(TestNG.java:1176)
at org.testng.TestNG.runSuites(TestNG.java:1099)
at org.testng.TestNG.run(TestNG.java:1067)
at org.testng.remote.AbstractRemoteTestNG.run(AbstractRemoteTestNG.java:115)
at org.testng.remote.RemoteTestNG.initAndRun(RemoteTestNG.java:251)
at org.testng.remote.RemoteTestNG.main(RemoteTestNG.java:77)
]]>
    </error>
  </testcase> <!-- ConfigureAppium -->
  <system-out/>
  <testcase classname="androidFrameworkDesign.eCommerce_tc_01" name="FillForm_PositiveFlowTest" time="0.000">
    <skipped/>
  </testcase> <!-- FillForm_PositiveFlowTest -->
  <system-out/>
</testsuite> <!-- androidFrameworkDesign.eCommerce_tc_01 -->
